<?xml version="1.0" encoding="UTF-8"?>
<testsuite xmlns:xsi="http://www.w3.org/2001/XMLSchema-instance" xsi:noNamespaceSchemaLocation="https://maven.apache.org/surefire/maven-surefire-plugin/xsd/surefire-test-report-3.0.xsd" version="3.0" name="tests.UniHannoverWebsiteTest" time="291.153" tests="15" errors="0" skipped="0" failures="0">
  <properties>
[...]
</properties>
  <testcase name="testExternalFacebookLink" classname="tests.UniHannoverWebsiteTest" time="20.653">
    <system-out><![CDATA[Não encontrou banner de cookies ou não conseguiu interagir com ele.
]]></system-out>
    <system-err><![CDATA[SLF4J(W): No SLF4J providers were found.
SLF4J(W): Defaulting to no-operation (NOP) logger implementation
SLF4J(W): See https://www.slf4j.org/codes.html#noProviders for further details.
]]></system-err>
  </testcase>
  <testcase name="testFakultatenDropdown" classname="tests.UniHannoverWebsiteTest" time="18.781">
    <system-out><![CDATA[Não encontrou banner de cookies ou não conseguiu interagir com ele.
O menu dropdown não está visível antes do clique (como esperado).
]]></system-out>
  </testcase>
  <testcase name="testSectionElementsByClass" classname="tests.UniHannoverWebsiteTest" time="17.851">
    <system-out><![CDATA[Não encontrou banner de cookies ou não conseguiu interagir com ele.
]]></system-out>
  </testcase>
  <testcase name="testSearchInputVisibilityAndTyping" classname="tests.UniHannoverWebsiteTest" time="17.958">
    <system-out><![CDATA[Não encontrou banner de cookies ou não conseguiu interagir com ele.
]]></system-out>
  </testcase>
  <testcase name="englishButton" classname="tests.UniHannoverWebsiteTest" time="21.356">
    <system-out><![CDATA[Não encontrou banner de cookies ou não conseguiu interagir com ele.
]]></system-out>
  </testcase>
  <testcase name="testVisibleLogo" classname="tests.UniHannoverWebsiteTest" time="20.868">
    <system-out><![CDATA[Não encontrou banner de cookies ou não conseguiu interagir com ele.
]]></system-out>
  </testcase>
  <testcase name="testGridColumnsByClass" classname="tests.UniHannoverWebsiteTest" time="18.084">
    <system-out><![CDATA[Não encontrou banner de cookies ou não conseguiu interagir com ele.
]]></system-out>
  </testcase>
  <testcase name="testHomeButton" classname="tests.UniHannoverWebsiteTest" time="22.86">
    <system-out><![CDATA[Não encontrou banner de cookies ou não conseguiu interagir com ele.
]]></system-out>
  </testcase>
  <testcase name="testScrollToTopButtonFunctionality" classname="tests.UniHannoverWebsiteTest" time="20.672">
    <system-out><![CDATA[Não encontrou banner de cookies ou não conseguiu interagir com ele.
Página rolada para o final.
Clicou no botão 'Voltar ao Topo'.
Página verificada: voltou ao topo.
]]></system-out>
  </testcase>
  <testcase name="testFooterLinkLeibnizUni" classname="tests.UniHannoverWebsiteTest" time="18.075">
    <system-out><![CDATA[Não encontrou banner de cookies ou não conseguiu interagir com ele.
]]></system-out>
  </testcase>
  <testcase name="testSectionHeadlinesByClass" classname="tests.UniHannoverWebsiteTest" time="18.292">
    <system-out><![CDATA[Não encontrou banner de cookies ou não conseguiu interagir com ele.
]]></system-out>
  </testcase>
  <testcase name="testKontaktLinkNavigation" classname="tests.UniHannoverWebsiteTest" time="20.571">
    <system-out><![CDATA[Não encontrou banner de cookies ou não conseguiu interagir com ele.
]]></system-out>
  </testcase>
  <testcase name="testSearchButton" classname="tests.UniHannoverWebsiteTest" time="18.624">
    <system-out><![CDATA[Não encontrou banner de cookies ou não conseguiu interagir com ele.
]]></system-out>
  </testcase>
  <testcase name="testStudIPShortcutMenuItem" classname="tests.UniHannoverWebsiteTest" time="18.156">
    <system-out><![CDATA[Não encontrou banner de cookies ou não conseguiu interagir com ele.
]]></system-out>
  </testcase>
  <testcase name="testInternationaleTagungenButton" classname="tests.UniHannoverWebsiteTest" time="17.948">
    <system-out><![CDATA[Não encontrou banner de cookies ou não conseguiu interagir com ele.
]]></system-out>
  </testcase>
</testsuite>